TN:
SF:commitlint.config.js
FN:1,(empty-report)
FNF:1
FNH:0
FNDA:0,(empty-report)
DA:1,0
LF:1
LH:0
BRDA:1,0,0,0
BRF:1
BRH:0
end_of_record
TN:
SF:bin\aac.mjs
FN:1,(empty-report)
FNF:1
FNH:0
FNDA:0,(empty-report)
DA:1,0
DA:2,0
DA:3,0
DA:4,0
DA:5,0
DA:6,0
LF:6
LH:0
BRDA:1,0,0,0
BRF:1
BRH:0
end_of_record
TN:
SF:scripts\build-docs.mjs
FN:1,(empty-report)
FNF:1
FNH:0
FNDA:0,(empty-report)
DA:1,0
DA:2,0
DA:4,0
DA:5,0
DA:6,0
DA:8,0
DA:9,0
DA:10,0
DA:11,0
DA:12,0
DA:13,0
DA:15,0
DA:16,0
DA:17,0
DA:18,0
DA:19,0
DA:21,0
DA:22,0
DA:23,0
DA:25,0
DA:26,0
DA:27,0
DA:29,0
DA:30,0
DA:32,0
DA:33,0
DA:34,0
DA:35,0
DA:36,0
DA:37,0
DA:39,0
DA:40,0
DA:41,0
LF:33
LH:0
BRDA:1,0,0,0
BRF:1
BRH:0
end_of_record
TN:
SF:src\cli.js
FN:1,(empty-report)
FNF:1
FNH:0
FNDA:0,(empty-report)
DA:1,0
DA:2,0
DA:3,0
DA:4,0
DA:6,0
DA:7,0
DA:9,0
DA:10,0
DA:11,0
DA:12,0
DA:13,0
DA:14,0
DA:15,0
DA:16,0
DA:17,0
DA:18,0
DA:19,0
DA:20,0
DA:22,0
DA:23,0
DA:24,0
DA:25,0
DA:26,0
DA:27,0
DA:28,0
DA:29,0
DA:30,0
DA:31,0
DA:32,0
DA:33,0
DA:35,0
DA:36,0
DA:37,0
DA:39,0
DA:40,0
DA:42,0
DA:43,0
DA:44,0
DA:45,0
DA:46,0
DA:48,0
DA:49,0
DA:50,0
DA:51,0
DA:52,0
DA:53,0
DA:54,0
DA:56,0
DA:57,0
DA:58,0
DA:59,0
DA:60,0
DA:61,0
DA:62,0
DA:63,0
DA:64,0
DA:66,0
DA:67,0
DA:68,0
DA:70,0
DA:71,0
DA:72,0
DA:73,0
DA:74,0
DA:75,0
DA:76,0
DA:77,0
DA:79,0
DA:80,0
DA:81,0
DA:82,0
DA:83,0
DA:84,0
DA:85,0
DA:86,0
DA:87,0
DA:88,0
DA:89,0
DA:90,0
DA:91,0
DA:92,0
DA:93,0
DA:94,0
DA:95,0
DA:96,0
DA:97,0
DA:98,0
DA:99,0
DA:100,0
DA:101,0
DA:102,0
DA:103,0
DA:104,0
DA:105,0
DA:106,0
LF:95
LH:0
BRDA:1,0,0,0
BRF:1
BRH:0
end_of_record
TN:
SF:src\core\c4map.js
FN:5,mapToC4
FN:12,pushUnique
FNF:2
FNH:2
FNDA:2,mapToC4
FNDA:12,pushUnique
DA:1,1
DA:2,1
DA:3,1
DA:4,1
DA:5,1
DA:6,2
DA:7,2
DA:8,2
DA:9,2
DA:10,2
DA:12,2
DA:13,12
DA:14,12
DA:15,12
DA:16,2
DA:18,2
DA:19,14
DA:20,14
DA:21,14
DA:22,10
DA:23,4
DA:24,2
DA:25,2
DA:26,2
DA:27,2
DA:28,2
DA:29,2
DA:30,2
DA:31,2
DA:32,2
DA:33,2
DA:34,14
DA:36,2
DA:37,2
LF:34
LH:34
BRDA:5,0,0,2
BRDA:18,1,0,0
BRDA:18,2,0,14
BRDA:19,3,0,0
BRDA:20,4,0,0
BRDA:21,5,0,4
BRDA:21,6,0,10
BRDA:22,7,0,6
BRDA:22,8,0,4
BRDA:23,9,0,2
BRDA:28,10,0,0
BRDA:36,11,0,0
BRDA:12,12,0,12
BRDA:13,13,0,0
BRF:14
BRH:8
end_of_record
TN:
SF:src\core\config.js
FN:7,loadConfig
FN:46,resolveOutDir
FNF:2
FNH:2
FNDA:1,loadConfig
FNDA:2,resolveOutDir
DA:1,1
DA:2,1
DA:3,1
DA:5,1
DA:7,1
DA:8,1
DA:9,1
DA:10,1
DA:11,1
DA:12,1
DA:13,1
DA:14,1
DA:15,1
DA:16,0
DA:17,0
DA:18,1
DA:19,1
DA:20,1
DA:21,1
DA:22,1
DA:23,1
DA:24,1
DA:25,1
DA:26,1
DA:27,1
DA:28,1
DA:29,1
DA:30,1
DA:31,1
DA:32,1
DA:33,0
DA:34,0
DA:35,1
DA:36,1
DA:37,1
DA:38,1
DA:39,1
DA:40,1
DA:41,1
DA:42,1
DA:43,1
DA:44,1
DA:46,1
DA:47,2
DA:48,2
DA:49,2
LF:46
LH:42
BRDA:7,0,0,1
BRDA:15,1,0,0
BRDA:19,2,0,0
BRDA:22,3,0,0
BRDA:23,4,0,0
BRDA:24,5,0,0
BRDA:25,6,0,0
BRDA:32,7,0,0
BRDA:46,8,0,2
BRDA:47,9,0,0
BRF:10
BRH:2
end_of_record
TN:
SF:src\core\exec.js
FN:9,sh
FN:33,shShell
FNF:2
FNH:0
FNDA:0,sh
FNDA:0,shShell
DA:1,1
DA:2,1
DA:3,1
DA:5,1
DA:6,1
DA:7,1
DA:8,1
DA:9,1
DA:10,0
DA:11,0
DA:12,0
DA:13,0
DA:14,0
DA:15,0
DA:16,0
DA:17,0
DA:18,0
DA:19,0
DA:20,0
DA:21,0
DA:22,0
DA:23,0
DA:24,0
DA:25,0
DA:26,0
DA:27,0
DA:29,1
DA:30,1
DA:31,1
DA:32,1
DA:33,1
DA:34,0
DA:35,0
DA:36,0
DA:37,0
DA:38,0
DA:39,0
DA:40,0
DA:41,0
DA:42,0
DA:43,0
DA:44,0
DA:45,0
DA:46,0
DA:47,0
DA:48,0
DA:49,0
LF:47
LH:13
BRF:0
BRH:0
end_of_record
TN:
SF:src\core\log.js
FN:15,setLevel
FN:18,getLevel
FN:22,out
FN:29,info
FN:30,ok
FN:31,warn
FN:32,err
FN:33,verbose
FN:34,raw
FNF:9
FNH:3
FNDA:0,setLevel
FNDA:0,getLevel
FNDA:4,out
FNDA:3,info
FNDA:1,ok
FNDA:0,warn
FNDA:0,err
FNDA:0,verbose
FNDA:0,raw
DA:1,1
DA:2,1
DA:3,1
DA:4,1
DA:5,1
DA:6,1
DA:7,1
DA:8,1
DA:9,1
DA:10,1
DA:11,1
DA:13,1
DA:15,1
DA:16,0
DA:17,0
DA:18,1
DA:19,0
DA:20,0
DA:22,4
DA:23,4
DA:24,4
DA:25,4
DA:26,4
DA:28,1
DA:29,1
DA:30,1
DA:31,1
DA:32,1
DA:33,1
DA:34,1
DA:35,1
DA:36,1
LF:32
LH:28
BRDA:22,0,0,4
BRDA:23,1,0,0
BRDA:24,2,0,0
BRDA:29,3,0,3
BRDA:30,4,0,1
BRF:5
BRH:3
end_of_record
TN:
SF:src\core\run.js
FN:11,ensureDir
FN:14,writeText
FN:19,esc
FN:22,safe
FN:26,mermaidFromIR
FN:45,renderMermaid
FN:60,renderPlantUML
FN:75,runInframap
FN:105,runGenerate
FNF:9
FNH:9
FNDA:6,ensureDir
FNDA:4,writeText
FNDA:19,esc
FNDA:22,safe
FNDA:2,mermaidFromIR
FNDA:2,renderMermaid
FNDA:2,renderPlantUML
FNDA:2,runInframap
FNDA:3,runGenerate
DA:1,1
DA:2,1
DA:3,1
DA:4,1
DA:5,1
DA:6,1
DA:7,1
DA:8,1
DA:9,1
DA:11,6
DA:12,6
DA:13,6
DA:14,4
DA:15,4
DA:16,4
DA:17,4
DA:19,19
DA:20,19
DA:21,19
DA:22,22
DA:23,22
DA:24,22
DA:26,2
DA:27,2
DA:28,2
DA:29,2
DA:30,2
DA:31,2
DA:32,6
DA:33,6
DA:34,6
DA:35,2
DA:36,2
DA:37,2
DA:38,2
DA:39,5
DA:40,5
DA:41,5
DA:42,2
DA:43,2
DA:45,2
DA:46,2
DA:47,2
DA:48,2
DA:49,2
DA:50,2
DA:51,2
DA:52,0
DA:53,0
DA:54,0
DA:55,0
DA:56,0
DA:57,0
DA:58,0
DA:60,2
DA:61,2
DA:62,1
DA:63,2
DA:64,2
DA:65,1
DA:66,0
DA:67,0
DA:68,0
DA:69,0
DA:70,0
DA:71,0
DA:72,0
DA:73,0
DA:75,2
DA:76,2
DA:77,2
DA:78,2
DA:79,0
DA:80,0
DA:81,0
DA:82,0
DA:83,0
DA:84,0
DA:85,0
DA:86,2
DA:87,2
DA:88,2
DA:89,2
DA:90,0
DA:91,0
DA:92,0
DA:93,0
DA:94,0
DA:95,0
DA:96,0
DA:97,0
DA:98,0
DA:99,0
DA:100,0
DA:101,0
DA:102,0
DA:103,0
DA:105,1
DA:106,3
DA:107,3
DA:108,3
DA:109,3
DA:110,3
DA:111,1
DA:112,1
DA:113,1
DA:115,2
DA:116,2
DA:117,3
DA:119,3
DA:120,2
DA:121,2
DA:122,2
DA:123,2
DA:124,2
DA:125,2
DA:126,2
DA:127,2
DA:128,2
DA:129,0
DA:130,0
DA:131,0
DA:132,0
DA:133,0
DA:134,0
DA:135,0
DA:136,0
DA:137,0
DA:138,0
DA:139,0
DA:140,0
DA:141,0
DA:142,2
DA:144,2
DA:145,2
DA:146,2
DA:147,2
DA:148,2
DA:149,2
DA:151,2
DA:152,2
DA:153,2
DA:154,2
LF:143
LH:94
BRDA:11,0,0,6
BRDA:14,1,0,4
BRDA:19,2,0,19
BRDA:22,3,0,22
BRDA:26,4,0,2
BRDA:30,5,0,0
BRDA:31,6,0,6
BRDA:32,7,0,2
BRDA:32,8,0,2
BRDA:32,9,0,4
BRDA:35,10,0,0
BRDA:37,11,0,6
BRDA:38,12,0,5
BRDA:39,13,0,0
BRDA:45,14,0,2
BRDA:46,15,0,0
BRDA:51,16,0,0
BRDA:60,17,0,2
BRDA:61,18,0,1
BRDA:61,19,0,1
BRDA:63,20,0,0
BRDA:64,21,0,1
BRDA:65,22,0,0
BRDA:75,23,0,2
BRDA:76,24,0,0
BRDA:77,25,0,0
BRDA:78,26,0,0
BRDA:87,27,0,0
BRDA:88,28,0,0
BRDA:89,29,0,0
BRDA:76,30,0,2
BRDA:105,31,0,3
BRDA:106,32,0,0
BRDA:107,33,0,0
BRDA:110,34,0,2
BRDA:110,35,0,1
BRDA:117,36,0,0
BRDA:119,37,0,2
BRDA:123,38,0,0
BRDA:128,39,0,0
BRF:40
BRH:22
end_of_record
TN:
SF:src\extractors\index.js
FNF:0
FNH:0
DA:1,1
DA:2,1
DA:3,1
DA:5,1
DA:6,1
DA:7,1
DA:8,1
DA:9,1
DA:10,1
DA:11,1
DA:12,1
DA:13,1
LF:12
LH:12
BRF:0
BRH:0
end_of_record
TN:
SF:src\extractors\builtin\code-annotations.js
FN:12,run
FN:69,lineOf
FN:73,guessFrom
FNF:3
FNH:3
FNDA:5,run
FNDA:22,lineOf
FNDA:7,guessFrom
DA:1,1
DA:2,1
DA:3,1
DA:5,1
DA:6,1
DA:7,1
DA:8,1
DA:9,1
DA:10,1
DA:11,1
DA:12,1
DA:13,5
DA:14,5
DA:15,5
DA:16,3
DA:17,3
DA:18,5
DA:19,5
DA:21,5
DA:22,5
DA:23,5
DA:24,5
DA:25,5
DA:27,5
DA:28,16
DA:29,16
DA:31,10
DA:32,10
DA:33,10
DA:35,10
DA:36,10
DA:37,10
DA:38,10
DA:39,10
DA:40,10
DA:41,10
DA:42,10
DA:43,10
DA:44,10
DA:45,16
DA:46,5
DA:47,5
DA:48,5
DA:49,5
DA:50,5
DA:51,5
DA:52,5
DA:53,5
DA:54,16
DA:55,7
DA:56,7
DA:57,7
DA:58,7
DA:59,7
DA:60,7
DA:61,7
DA:62,7
DA:63,16
DA:65,5
DA:66,5
DA:67,5
DA:69,22
DA:70,22
DA:71,22
DA:73,7
DA:74,7
DA:75,7
DA:76,7
DA:77,7
LF:69
LH:69
BRDA:12,0,0,5
BRDA:14,1,0,0
BRDA:15,2,0,3
BRDA:27,3,0,16
BRDA:29,4,0,10
BRDA:29,5,0,6
BRDA:45,6,0,5
BRDA:53,7,0,10
BRDA:54,8,0,7
BRDA:69,9,0,22
BRDA:73,10,0,7
BRDA:75,11,0,0
BRF:12
BRH:10
end_of_record
TN:
SF:src\extractors\builtin\openapi.js
FN:14,run
FN:98,slug
FNF:2
FNH:2
FNDA:5,run
FNDA:20,slug
DA:1,1
DA:2,1
DA:3,1
DA:4,1
DA:6,1
DA:7,1
DA:8,1
DA:9,1
DA:10,1
DA:11,1
DA:12,1
DA:13,1
DA:14,1
DA:15,5
DA:16,5
DA:17,5
DA:18,5
DA:20,5
DA:21,5
DA:22,5
DA:24,5
DA:25,5
DA:26,5
DA:27,5
DA:28,5
DA:29,5
DA:30,5
DA:31,0
DA:32,5
DA:33,0
DA:34,0
DA:35,0
DA:37,5
DA:38,5
DA:39,5
DA:40,5
DA:41,5
DA:42,5
DA:43,5
DA:44,5
DA:45,5
DA:46,5
DA:47,5
DA:48,5
DA:49,5
DA:50,5
DA:51,5
DA:52,5
DA:53,5
DA:54,5
DA:55,5
DA:57,5
DA:58,5
DA:59,5
DA:60,10
DA:61,10
DA:62,10
DA:63,10
DA:64,10
DA:65,10
DA:66,10
DA:67,5
DA:68,0
DA:69,0
DA:70,0
DA:71,0
DA:72,0
DA:73,0
DA:74,0
DA:75,0
DA:76,0
DA:77,0
DA:78,0
DA:79,0
DA:80,0
DA:81,0
DA:83,5
DA:84,5
DA:85,5
DA:86,5
DA:87,5
DA:88,5
DA:89,5
DA:90,5
DA:91,5
DA:92,5
DA:94,5
DA:95,5
DA:96,5
DA:98,20
DA:99,20
DA:100,20
LF:92
LH:74
BRDA:14,0,0,5
BRDA:16,1,0,0
BRDA:30,2,0,0
BRDA:30,3,0,0
BRDA:32,4,0,0
BRDA:37,5,0,0
BRDA:45,6,0,0
BRDA:57,7,0,0
BRDA:59,8,0,10
BRDA:67,9,0,0
BRDA:83,10,0,0
BRDA:83,11,0,0
BRDA:45,12,0,5
BRDA:57,13,0,10
BRDA:98,14,0,20
BRF:15
BRH:5
end_of_record
TN:
SF:src\extractors\builtin\terraform.js
FN:13,run
FNF:1
FNH:1
FNDA:5,run
DA:1,1
DA:2,1
DA:4,1
DA:5,1
DA:6,1
DA:7,1
DA:8,1
DA:9,1
DA:10,1
DA:11,1
DA:12,1
DA:13,1
DA:14,5
DA:16,5
DA:17,5
DA:18,5
DA:19,5
DA:20,5
DA:21,5
DA:23,5
DA:24,5
DA:25,5
DA:26,5
DA:27,5
DA:28,5
DA:29,5
DA:30,5
DA:31,5
DA:32,5
DA:33,5
DA:34,5
DA:36,5
DA:37,5
DA:38,5
LF:34
LH:34
BRDA:13,0,0,5
BRDA:18,1,0,0
BRDA:19,2,0,3
BRDA:14,3,0,5
BRDA:21,4,0,5
BRDA:23,5,0,5
BRF:6
BRH:5
end_of_record
TN:
SF:src\extractors\util\glob.js
FN:9,resolvePaths
FN:10,toPosix
FNF:2
FNH:2
FNDA:15,resolvePaths
FNDA:61,toPosix
DA:1,1
DA:2,1
DA:4,1
DA:5,1
DA:6,1
DA:7,1
DA:8,1
DA:9,1
DA:10,15
DA:11,15
DA:12,15
DA:13,15
DA:14,15
LF:13
LH:13
BRDA:9,0,0,15
BRDA:10,1,0,61
BRDA:11,2,0,21
BRDA:12,3,0,40
BRF:4
BRH:4
end_of_record
TN:
SF:src\init\scaffold.js
FN:1,(empty-report)
FNF:1
FNH:0
FNDA:0,(empty-report)
DA:1,0
DA:2,0
DA:4,0
DA:5,0
DA:6,0
DA:7,0
DA:8,0
DA:9,0
DA:10,0
DA:11,0
DA:12,0
DA:13,0
DA:14,0
DA:15,0
DA:16,0
DA:17,0
DA:18,0
DA:19,0
DA:20,0
DA:21,0
DA:22,0
DA:23,0
DA:24,0
DA:25,0
DA:26,0
DA:27,0
DA:28,0
DA:29,0
DA:30,0
DA:31,0
DA:32,0
DA:33,0
DA:34,0
DA:35,0
DA:36,0
DA:37,0
DA:38,0
DA:39,0
DA:40,0
DA:41,0
DA:42,0
DA:43,0
DA:44,0
DA:45,0
DA:46,0
DA:47,0
DA:49,0
DA:50,0
DA:51,0
DA:52,0
DA:53,0
DA:54,0
DA:55,0
DA:57,0
DA:58,0
DA:59,0
DA:60,0
DA:62,0
DA:63,0
DA:64,0
DA:65,0
DA:66,0
DA:67,0
DA:68,0
DA:69,0
DA:70,0
DA:71,0
DA:72,0
DA:73,0
DA:74,0
DA:75,0
LF:71
LH:0
BRDA:1,0,0,0
BRF:1
BRH:0
end_of_record
TN:
SF:src\ir\aggregate.js
FN:12,aggregateIR
FN:24,log
FNF:2
FNH:2
FNDA:6,aggregateIR
FNDA:15,log
DA:1,1
DA:2,1
DA:4,1
DA:5,1
DA:6,1
DA:7,1
DA:8,1
DA:9,1
DA:10,1
DA:11,1
DA:12,1
DA:13,6
DA:14,6
DA:15,6
DA:16,6
DA:17,6
DA:18,6
DA:19,6
DA:21,6
DA:22,15
DA:23,15
DA:24,15
DA:25,15
DA:26,15
DA:27,15
DA:28,15
DA:29,15
DA:31,6
DA:32,6
DA:33,6
DA:34,35
DA:35,35
DA:36,0
DA:37,0
DA:38,0
DA:39,0
DA:40,35
DA:41,6
DA:42,6
DA:43,6
DA:45,6
DA:46,6
DA:47,6
DA:49,6
DA:50,2
DA:51,2
DA:52,2
DA:53,2
DA:55,6
DA:56,6
LF:50
LH:46
BRDA:12,0,0,6
BRDA:15,1,0,0
BRDA:17,2,0,0
BRDA:21,3,0,0
BRDA:21,4,0,15
BRDA:23,5,0,0
BRDA:24,6,0,0
BRDA:27,7,0,5
BRDA:33,8,0,35
BRDA:35,9,0,0
BRDA:45,10,0,0
BRDA:49,11,0,2
BRDA:50,12,0,0
BRDA:17,13,0,15
BRDA:24,14,0,15
BRDA:24,15,0,0
BRDA:41,16,0,57
BRDA:41,17,0,15
BRDA:42,18,0,6
BRF:19
BRH:10
end_of_record
