TN:
SF:src\cli.ts
FN:20,usageAndExit
FN:34,parseArgs
FN:56,stageListFromArg
FN:62,createLogger
FN:63,tag
FN:65,debug
FN:66,info
FN:67,warn
FN:68,error
FN:72,loadYamlIfExists
FN:88,run
FNF:11
FNH:10
FNDA:3,usageAndExit
FNDA:14,parseArgs
FNDA:11,stageListFromArg
FNDA:11,createLogger
FNDA:83,tag
FNDA:25,debug
FNDA:57,info
FNDA:0,warn
FNDA:1,error
FNDA:11,loadYamlIfExists
FNDA:14,run
DA:1,1
DA:2,1
DA:5,1
DA:6,1
DA:7,1
DA:9,1
DA:11,1
DA:12,1
DA:13,1
DA:14,1
DA:15,1
DA:16,1
DA:17,1
DA:18,1
DA:20,3
DA:21,3
DA:22,3
DA:23,3
DA:30,3
DA:31,3
DA:32,3
DA:34,14
DA:35,14
DA:36,14
DA:38,14
DA:39,14
DA:40,14
DA:42,13
DA:43,14
DA:44,4
DA:45,3
DA:46,3
DA:47,2
DA:48,2
DA:49,4
DA:50,1
DA:51,1
DA:52,4
DA:53,11
DA:54,11
DA:56,11
DA:57,11
DA:58,8
DA:59,8
DA:60,8
DA:62,11
DA:63,11
DA:64,11
DA:65,11
DA:66,11
DA:67,11
DA:68,11
DA:69,11
DA:70,11
DA:72,11
DA:73,11
DA:74,11
DA:75,6
DA:76,6
DA:77,6
DA:78,6
DA:79,11
DA:80,11
DA:81,0
DA:82,0
DA:83,0
DA:84,0
DA:85,0
DA:86,11
DA:88,14
DA:89,14
DA:90,14
DA:93,14
DA:94,14
DA:95,2
DA:96,9
DA:98,14
DA:101,11
DA:102,11
DA:103,11
DA:104,11
DA:105,11
DA:107,11
DA:108,11
DA:109,11
DA:110,11
DA:111,6
DA:112,5
DA:113,14
DA:115,14
DA:116,25
DA:117,25
DA:118,25
DA:119,25
DA:121,25
DA:122,25
DA:124,24
DA:126,24
DA:127,25
DA:128,23
DA:129,25
DA:130,1
DA:131,1
DA:132,1
DA:133,1
DA:134,25
DA:135,1
DA:136,1
DA:137,1
DA:138,25
DA:139,10
DA:140,10
DA:143,1
DA:144,14
DA:145,14
DA:146,14
DA:147,0
DA:148,0
DA:149,1
DA:151,1
DA:152,0
DA:153,0
DA:154,0
DA:155,0
DA:156,0
LF:125
LH:113
BRDA:151,0,0,0
BRDA:20,1,0,3
BRDA:34,2,0,14
BRDA:36,3,0,0
BRDA:38,4,0,0
BRDA:40,5,0,1
BRDA:40,6,0,13
BRDA:43,7,0,4
BRDA:44,8,0,3
BRDA:46,9,0,1
BRDA:46,10,0,2
BRDA:49,11,0,1
BRDA:52,12,0,11
BRDA:56,13,0,11
BRDA:57,14,0,9
BRDA:57,15,0,3
BRDA:57,16,0,8
BRDA:62,17,0,11
BRDA:63,18,0,83
BRDA:65,19,0,25
BRDA:66,20,0,57
BRDA:68,21,0,1
BRDA:72,22,0,11
BRDA:73,23,0,0
BRDA:74,24,0,5
BRDA:74,25,0,6
BRDA:79,26,0,0
BRDA:80,27,0,0
BRDA:88,28,0,14
BRDA:94,29,0,2
BRDA:95,30,0,9
BRDA:98,31,0,11
BRDA:110,32,0,6
BRDA:111,33,0,5
BRDA:115,34,0,25
BRDA:122,35,0,24
BRDA:127,36,0,23
BRDA:129,37,0,1
BRDA:134,38,0,1
BRDA:135,39,0,0
BRDA:138,40,0,10
BRDA:143,41,0,14
BRDA:145,42,0,0
BRDA:146,43,0,0
BRF:44
BRH:35
end_of_record
TN:
SF:src\1-extract\index.ts
FN:1,(empty-report)
FNF:1
FNH:1
FNDA:1,(empty-report)
DA:3,0
DA:4,0
DA:5,0
DA:6,0
DA:8,0
LF:5
LH:0
BRDA:1,0,0,1
BRF:1
BRH:1
end_of_record
TN:
SF:src\2-validate\index.ts
FN:1,(empty-report)
FNF:1
FNH:1
FNDA:1,(empty-report)
DA:3,0
DA:4,0
DA:6,0
LF:3
LH:0
BRDA:1,0,0,1
BRF:1
BRH:1
end_of_record
TN:
SF:src\3-generate\index.ts
FN:1,(empty-report)
FNF:1
FNH:1
FNDA:1,(empty-report)
DA:3,0
DA:4,0
DA:6,0
LF:3
LH:0
BRDA:1,0,0,1
BRF:1
BRH:1
end_of_record
TN:
SF:src\4-render\index.ts
FN:1,(empty-report)
FNF:1
FNH:1
FNDA:1,(empty-report)
DA:3,0
DA:4,0
DA:6,0
LF:3
LH:0
BRDA:1,0,0,1
BRF:1
BRH:1
end_of_record
TN:
SF:src\5-docs\index.ts
FN:1,(empty-report)
FNF:1
FNH:1
FNDA:1,(empty-report)
DA:3,0
DA:4,0
DA:6,0
LF:3
LH:0
BRDA:1,0,0,1
BRF:1
BRH:1
end_of_record
TN:
SF:src\core\module-loader.ts
FN:10,loadModuleFromPath
FNF:1
FNH:1
FNDA:4,loadModuleFromPath
DA:2,1
DA:10,4
DA:11,4
DA:12,4
DA:13,4
DA:14,4
DA:15,4
DA:16,4
DA:17,4
DA:20,4
DA:21,4
DA:22,4
LF:12
LH:12
BRDA:10,0,0,4
BRF:1
BRH:1
end_of_record
TN:
SF:src\core\path-resolver.ts
FN:5,getCliDir
FN:10,expandTilde
FN:28,resolveArchlettePath
FN:49,resolveModuleEntry
FN:85,toFileUrl
FNF:5
FNH:5
FNDA:4,getCliDir
FNDA:3,expandTilde
FNDA:13,resolveArchlettePath
FNDA:9,resolveModuleEntry
FNDA:5,toFileUrl
DA:1,1
DA:2,1
DA:3,1
DA:5,1
DA:6,4
DA:7,4
DA:8,4
DA:10,1
DA:11,3
DA:12,3
DA:13,3
DA:14,3
DA:15,3
DA:16,3
DA:17,3
DA:18,3
DA:19,0
DA:20,0
DA:28,1
DA:29,13
DA:31,13
DA:32,13
DA:33,3
DA:34,13
DA:35,3
DA:36,10
DA:37,7
DA:38,7
DA:40,13
DA:41,13
DA:49,1
DA:50,9
DA:51,9
DA:52,9
DA:53,9
DA:54,9
DA:57,9
DA:60,9
DA:61,12
DA:62,12
DA:63,12
DA:66,9
DA:67,2
DA:68,2
DA:69,2
DA:70,2
DA:71,0
DA:74,9
DA:75,2
DA:76,2
DA:77,2
DA:79,1
DA:80,1
DA:81,1
DA:82,1
DA:83,1
DA:85,1
DA:86,5
DA:87,5
LF:59
LH:56
BRDA:5,0,0,4
BRDA:10,1,0,3
BRDA:12,2,0,0
BRDA:12,3,0,0
BRDA:14,4,0,0
BRDA:16,5,0,0
BRDA:17,6,0,0
BRDA:18,7,0,0
BRDA:28,8,0,13
BRDA:32,9,0,3
BRDA:34,10,0,10
BRDA:34,11,0,7
BRDA:34,12,0,3
BRDA:36,13,0,7
BRDA:49,14,0,9
BRDA:54,15,0,5
BRDA:57,16,0,3
BRDA:57,17,0,1
BRDA:57,18,0,8
BRDA:60,19,0,12
BRDA:62,20,0,5
BRDA:62,21,0,5
BRDA:63,22,0,3
BRDA:66,23,0,2
BRDA:66,24,0,2
BRDA:70,25,0,0
BRDA:71,26,0,1
BRDA:74,27,0,2
BRDA:76,28,0,0
BRDA:76,29,0,0
BRDA:77,30,0,1
BRDA:85,31,0,5
BRF:32
BRH:23
end_of_record
TN:
SF:src\core\stage-entry.js
FN:12,getStageEntry
FNF:1
FNH:1
FNDA:24,getStageEntry
DA:1,1
DA:3,1
DA:4,1
DA:5,1
DA:7,1
DA:8,1
DA:9,1
DA:10,1
DA:11,1
DA:12,1
DA:13,24
DA:14,24
DA:15,24
DA:16,1
DA:17,1
LF:15
LH:15
BRDA:12,0,0,24
BRDA:14,1,0,22
BRDA:14,2,0,2
BRDA:15,3,0,1
BRF:4
BRH:4
end_of_record
TN:
SF:src\core\types-ir.ts
FNF:0
FNH:0
DA:8,1
DA:14,1
DA:15,1
DA:16,1
DA:17,1
DA:20,1
DA:21,1
DA:22,1
DA:23,1
DA:24,1
DA:31,1
DA:32,1
DA:33,1
DA:34,1
DA:35,1
DA:36,1
DA:37,1
DA:40,1
DA:41,1
DA:42,1
DA:43,1
DA:44,1
DA:45,1
DA:46,1
DA:49,1
DA:50,1
DA:51,1
DA:52,1
DA:53,1
DA:54,1
DA:57,1
DA:58,1
DA:59,1
DA:60,1
DA:61,1
DA:62,1
DA:65,1
DA:66,1
DA:67,1
DA:68,1
DA:69,1
DA:70,1
DA:71,1
DA:72,1
DA:75,1
DA:76,1
DA:77,1
DA:78,1
DA:79,1
DA:80,1
DA:81,1
DA:82,1
DA:83,1
DA:90,1
DA:91,1
DA:92,1
DA:93,1
DA:94,1
DA:95,1
DA:96,1
DA:97,1
DA:98,1
DA:99,1
DA:100,1
DA:101,1
DA:102,1
DA:105,1
DA:106,1
DA:107,1
DA:108,1
DA:115,1
DA:116,1
DA:117,1
DA:118,1
DA:119,1
DA:120,1
DA:121,1
DA:128,1
DA:129,1
DA:130,1
DA:131,1
DA:132,1
DA:133,1
DA:134,1
DA:135,1
DA:136,1
DA:137,1
DA:138,1
DA:139,1
LF:89
LH:89
BRF:0
BRH:0
end_of_record
TN:
SF:src\core\types.ts
FN:1,(empty-report)
FNF:1
FNH:1
FNDA:1,(empty-report)
LF:0
LH:0
BRDA:1,0,0,1
BRF:1
BRH:1
end_of_record
